RPL: on '240527_174923' from '/opt/rocm-5.7.1' in '/work1/sadasivan/student04/composable_kernel/build'
RPL: profiling '""bin/example_tall_and_skinny_gemm_splitk_fp16 1 2 1 231""'
RPL: input file '/work1/sadasivan/student04/composable_kernel/build/workloads/my_profile_data14/mi100/perfmon/pmc_perf_5.txt'
RPL: output dir '/tmp/rpl_data_240527_174923_208577'
RPL: result dir '/tmp/rpl_data_240527_174923_208577/input0_results_240527_174923'
a_m_k: dim 2, lengths {16, 1024}, strides {1024, 1}
b_k_n: dim 2, lengths {1024, 16}, strides {16, 1}
c_m_n: dim 2, lengths {16, 16}, strides {16, 1}
terminate called after throwing an instance of 'std::runtime_error'
  what():  HIP runtime error: unspecified launch failure. /work1/sadasivan/student04/composable_kernel/include/ck/host_utility/hip_check_error.hpp: 15in function: hip_check_error
/opt/rocm-5.7.1/bin/rocprof: line 300: 208736 Aborted                 (core dumped) ""bin/example_tall_and_skinny_gemm_splitk_fp16 1 2 1 231""
Traceback (most recent call last):
  File "/opt/rocm-5.7.1/libexec/rocprofiler/tblextr.py", line 828, in <module>
    dump_csv(csvfile)
  File "/opt/rocm-5.7.1/libexec/rocprofiler/tblextr.py", line 229, in dump_csv
    val_list = [entry[var] for var in var_list]
  File "/opt/rocm-5.7.1/libexec/rocprofiler/tblextr.py", line 229, in <listcomp>
    val_list = [entry[var] for var in var_list]
KeyError: 'SQ_WAIT_INST_ANY'
Profiling data corrupted: ' /tmp/rpl_data_240527_174923_208577/input0_results_240527_174923/results.txt'
RPL: on '240527_174923' from '/opt/rocm-5.7.1' in '/work1/sadasivan/student04/composable_kernel/build'
RPL: profiling '""bin/example_tall_and_skinny_gemm_splitk_fp16 1 2 1 231""'
RPL: input file '/work1/sadasivan/student04/composable_kernel/build/workloads/my_profile_data14/mi100/perfmon/pmc_perf_4.txt'
RPL: output dir '/tmp/rpl_data_240527_174923_208786'
RPL: result dir '/tmp/rpl_data_240527_174923_208786/input0_results_240527_174923'
a_m_k: dim 2, lengths {16, 1024}, strides {1024, 1}
b_k_n: dim 2, lengths {1024, 16}, strides {16, 1}
c_m_n: dim 2, lengths {16, 16}, strides {16, 1}
terminate called after throwing an instance of 'std::runtime_error'
  what():  HIP runtime error: unspecified launch failure. /work1/sadasivan/student04/composable_kernel/include/ck/host_utility/hip_check_error.hpp: 15in function: hip_check_error
/opt/rocm-5.7.1/bin/rocprof: line 300: 208962 Aborted                 (core dumped) ""bin/example_tall_and_skinny_gemm_splitk_fp16 1 2 1 231""
File '/work1/sadasivan/student04/composable_kernel/build/workloads/my_profile_data14/mi100/pmc_perf_4.csv' is generating
RPL: on '240527_174924' from '/opt/rocm-5.7.1' in '/work1/sadasivan/student04/composable_kernel/build'
RPL: profiling '""bin/example_tall_and_skinny_gemm_splitk_fp16 1 2 1 231""'
RPL: input file '/work1/sadasivan/student04/composable_kernel/build/workloads/my_profile_data14/mi100/perfmon/pmc_perf_0.txt'
RPL: output dir '/tmp/rpl_data_240527_174924_209014'
RPL: result dir '/tmp/rpl_data_240527_174924_209014/input0_results_240527_174924'
a_m_k: dim 2, lengths {16, 1024}, strides {1024, 1}
b_k_n: dim 2, lengths {1024, 16}, strides {16, 1}
c_m_n: dim 2, lengths {16, 16}, strides {16, 1}
terminate called after throwing an instance of 'std::runtime_error'
  what():  HIP runtime error: unspecified launch failure. /work1/sadasivan/student04/composable_kernel/include/ck/host_utility/hip_check_error.hpp: 15in function: hip_check_error
/opt/rocm-5.7.1/bin/rocprof: line 300: 209173 Aborted                 (core dumped) ""bin/example_tall_and_skinny_gemm_splitk_fp16 1 2 1 231""
File '/work1/sadasivan/student04/composable_kernel/build/workloads/my_profile_data14/mi100/pmc_perf_0.csv' is generating
RPL: on '240527_174924' from '/opt/rocm-5.7.1' in '/work1/sadasivan/student04/composable_kernel/build'
RPL: profiling '""bin/example_tall_and_skinny_gemm_splitk_fp16 1 2 1 231""'
RPL: input file '/work1/sadasivan/student04/composable_kernel/build/workloads/my_profile_data14/mi100/perfmon/pmc_perf_6.txt'
RPL: output dir '/tmp/rpl_data_240527_174924_209221'
RPL: result dir '/tmp/rpl_data_240527_174924_209221/input0_results_240527_174924'
a_m_k: dim 2, lengths {16, 1024}, strides {1024, 1}
b_k_n: dim 2, lengths {1024, 16}, strides {16, 1}
c_m_n: dim 2, lengths {16, 16}, strides {16, 1}
terminate called after throwing an instance of 'std::runtime_error'
  what():  HIP runtime error: unspecified launch failure. /work1/sadasivan/student04/composable_kernel/include/ck/host_utility/hip_check_error.hpp: 15in function: hip_check_error
/opt/rocm-5.7.1/bin/rocprof: line 300: 209380 Aborted                 (core dumped) ""bin/example_tall_and_skinny_gemm_splitk_fp16 1 2 1 231""
Traceback (most recent call last):
  File "/opt/rocm-5.7.1/libexec/rocprofiler/tblextr.py", line 828, in <module>
    dump_csv(csvfile)
  File "/opt/rocm-5.7.1/libexec/rocprofiler/tblextr.py", line 229, in dump_csv
    val_list = [entry[var] for var in var_list]
  File "/opt/rocm-5.7.1/libexec/rocprofiler/tblextr.py", line 229, in <listcomp>
    val_list = [entry[var] for var in var_list]
KeyError: 'SQ_ACTIVE_INST_MISC'
Profiling data corrupted: ' /tmp/rpl_data_240527_174924_209221/input0_results_240527_174924/results.txt'
RPL: on '240527_174925' from '/opt/rocm-5.7.1' in '/work1/sadasivan/student04/composable_kernel/build'
RPL: profiling '""bin/example_tall_and_skinny_gemm_splitk_fp16 1 2 1 231""'
RPL: input file '/work1/sadasivan/student04/composable_kernel/build/workloads/my_profile_data14/mi100/perfmon/timestamps.txt'
RPL: output dir '/tmp/rpl_data_240527_174925_209430'
RPL: result dir '/tmp/rpl_data_240527_174925_209430/input0_results_240527_174925'
a_m_k: dim 2, lengths {16, 1024}, strides {1024, 1}
b_k_n: dim 2, lengths {1024, 16}, strides {16, 1}
c_m_n: dim 2, lengths {16, 16}, strides {16, 1}
terminate called after throwing an instance of 'std::runtime_error'
  what():  HIP runtime error: unspecified launch failure. /work1/sadasivan/student04/composable_kernel/include/ck/host_utility/hip_check_error.hpp: 15in function: hip_check_error
/opt/rocm-5.7.1/bin/rocprof: line 300: 209589 Aborted                 (core dumped) ""bin/example_tall_and_skinny_gemm_splitk_fp16 1 2 1 231""
File '/work1/sadasivan/student04/composable_kernel/build/workloads/my_profile_data14/mi100/timestamps.csv' is generating
RPL: on '240527_174925' from '/opt/rocm-5.7.1' in '/work1/sadasivan/student04/composable_kernel/build'
RPL: profiling '""bin/example_tall_and_skinny_gemm_splitk_fp16 1 2 1 231""'
RPL: input file '/work1/sadasivan/student04/composable_kernel/build/workloads/my_profile_data14/mi100/perfmon/pmc_perf_11.txt'
RPL: output dir '/tmp/rpl_data_240527_174925_209641'
RPL: result dir '/tmp/rpl_data_240527_174925_209641/input0_results_240527_174925'
a_m_k: dim 2, lengths {16, 1024}, strides {1024, 1}
b_k_n: dim 2, lengths {1024, 16}, strides {16, 1}
c_m_n: dim 2, lengths {16, 16}, strides {16, 1}
terminate called after throwing an instance of 'std::runtime_error'
  what():  HIP runtime error: unspecified launch failure. /work1/sadasivan/student04/composable_kernel/include/ck/host_utility/hip_check_error.hpp: 15in function: hip_check_error
/opt/rocm-5.7.1/bin/rocprof: line 300: 209800 Aborted                 (core dumped) ""bin/example_tall_and_skinny_gemm_splitk_fp16 1 2 1 231""
Traceback (most recent call last):
  File "/opt/rocm-5.7.1/libexec/rocprofiler/tblextr.py", line 828, in <module>
    dump_csv(csvfile)
  File "/opt/rocm-5.7.1/libexec/rocprofiler/tblextr.py", line 229, in dump_csv
    val_list = [entry[var] for var in var_list]
  File "/opt/rocm-5.7.1/libexec/rocprofiler/tblextr.py", line 229, in <listcomp>
    val_list = [entry[var] for var in var_list]
KeyError: 'TCC_ATOMIC[0]'
Profiling data corrupted: ' /tmp/rpl_data_240527_174925_209641/input0_results_240527_174925/results.txt'
RPL: on '240527_174926' from '/opt/rocm-5.7.1' in '/work1/sadasivan/student04/composable_kernel/build'
RPL: profiling '""bin/example_tall_and_skinny_gemm_splitk_fp16 1 2 1 231""'
RPL: input file '/work1/sadasivan/student04/composable_kernel/build/workloads/my_profile_data14/mi100/perfmon/pmc_perf_7.txt'
RPL: output dir '/tmp/rpl_data_240527_174926_209848'
RPL: result dir '/tmp/rpl_data_240527_174926_209848/input0_results_240527_174926'
a_m_k: dim 2, lengths {16, 1024}, strides {1024, 1}
b_k_n: dim 2, lengths {1024, 16}, strides {16, 1}
c_m_n: dim 2, lengths {16, 16}, strides {16, 1}
terminate called after throwing an instance of 'std::runtime_error'
  what():  HIP runtime error: unspecified launch failure. /work1/sadasivan/student04/composable_kernel/include/ck/host_utility/hip_check_error.hpp: 15in function: hip_check_error
/opt/rocm-5.7.1/bin/rocprof: line 300: 210007 Aborted                 (core dumped) ""bin/example_tall_and_skinny_gemm_splitk_fp16 1 2 1 231""
Traceback (most recent call last):
  File "/opt/rocm-5.7.1/libexec/rocprofiler/tblextr.py", line 828, in <module>
    dump_csv(csvfile)
  File "/opt/rocm-5.7.1/libexec/rocprofiler/tblextr.py", line 229, in dump_csv
    val_list = [entry[var] for var in var_list]
  File "/opt/rocm-5.7.1/libexec/rocprofiler/tblextr.py", line 229, in <listcomp>
    val_list = [entry[var] for var in var_list]
KeyError: 'SQ_LDS_BANK_CONFLICT'
Profiling data corrupted: ' /tmp/rpl_data_240527_174926_209848/input0_results_240527_174926/results.txt'
RPL: on '240527_174927' from '/opt/rocm-5.7.1' in '/work1/sadasivan/student04/composable_kernel/build'
RPL: profiling '""bin/example_tall_and_skinny_gemm_splitk_fp16 1 2 1 231""'
RPL: input file '/work1/sadasivan/student04/composable_kernel/build/workloads/my_profile_data14/mi100/perfmon/SQ_INST_LEVEL_SMEM.txt'
RPL: output dir '/tmp/rpl_data_240527_174927_210066'
RPL: result dir '/tmp/rpl_data_240527_174927_210066/input0_results_240527_174927'
a_m_k: dim 2, lengths {16, 1024}, strides {1024, 1}
b_k_n: dim 2, lengths {1024, 16}, strides {16, 1}
c_m_n: dim 2, lengths {16, 16}, strides {16, 1}
terminate called after throwing an instance of 'std::runtime_error'
  what():  HIP runtime error: unspecified launch failure. /work1/sadasivan/student04/composable_kernel/include/ck/host_utility/hip_check_error.hpp: 15in function: hip_check_error
/opt/rocm-5.7.1/bin/rocprof: line 300: 210225 Aborted                 (core dumped) ""bin/example_tall_and_skinny_gemm_splitk_fp16 1 2 1 231""
Traceback (most recent call last):
  File "/opt/rocm-5.7.1/libexec/rocprofiler/tblextr.py", line 828, in <module>
    dump_csv(csvfile)
  File "/opt/rocm-5.7.1/libexec/rocprofiler/tblextr.py", line 229, in dump_csv
    val_list = [entry[var] for var in var_list]
  File "/opt/rocm-5.7.1/libexec/rocprofiler/tblextr.py", line 229, in <listcomp>
    val_list = [entry[var] for var in var_list]
KeyError: 'SQ_INSTS_SMEM'
Profiling data corrupted: ' /tmp/rpl_data_240527_174927_210066/input0_results_240527_174927/results.txt'
RPL: on '240527_174927' from '/opt/rocm-5.7.1' in '/work1/sadasivan/student04/composable_kernel/build'
RPL: profiling '""bin/example_tall_and_skinny_gemm_splitk_fp16 1 2 1 231""'
RPL: input file '/work1/sadasivan/student04/composable_kernel/build/workloads/my_profile_data14/mi100/perfmon/SQ_IFETCH_LEVEL.txt'
RPL: output dir '/tmp/rpl_data_240527_174927_210273'
RPL: result dir '/tmp/rpl_data_240527_174927_210273/input0_results_240527_174927'
a_m_k: dim 2, lengths {16, 1024}, strides {1024, 1}
b_k_n: dim 2, lengths {1024, 16}, strides {16, 1}
c_m_n: dim 2, lengths {16, 16}, strides {16, 1}
terminate called after throwing an instance of 'std::runtime_error'
  what():  HIP runtime error: unspecified launch failure. /work1/sadasivan/student04/composable_kernel/include/ck/host_utility/hip_check_error.hpp: 15in function: hip_check_error
/opt/rocm-5.7.1/bin/rocprof: line 300: 210432 Aborted                 (core dumped) ""bin/example_tall_and_skinny_gemm_splitk_fp16 1 2 1 231""
Traceback (most recent call last):
  File "/opt/rocm-5.7.1/libexec/rocprofiler/tblextr.py", line 828, in <module>
    dump_csv(csvfile)
  File "/opt/rocm-5.7.1/libexec/rocprofiler/tblextr.py", line 229, in dump_csv
    val_list = [entry[var] for var in var_list]
  File "/opt/rocm-5.7.1/libexec/rocprofiler/tblextr.py", line 229, in <listcomp>
    val_list = [entry[var] for var in var_list]
KeyError: 'GRBM_COUNT'
Profiling data corrupted: ' /tmp/rpl_data_240527_174927_210273/input0_results_240527_174927/results.txt'
RPL: on '240527_174928' from '/opt/rocm-5.7.1' in '/work1/sadasivan/student04/composable_kernel/build'
RPL: profiling '""bin/example_tall_and_skinny_gemm_splitk_fp16 1 2 1 231""'
RPL: input file '/work1/sadasivan/student04/composable_kernel/build/workloads/my_profile_data14/mi100/perfmon/pmc_perf_13.txt'
RPL: output dir '/tmp/rpl_data_240527_174928_210525'
RPL: result dir '/tmp/rpl_data_240527_174928_210525/input0_results_240527_174928'
a_m_k: dim 2, lengths {16, 1024}, strides {1024, 1}
b_k_n: dim 2, lengths {1024, 16}, strides {16, 1}
c_m_n: dim 2, lengths {16, 16}, strides {16, 1}
terminate called after throwing an instance of 'std::runtime_error'
  what():  HIP runtime error: unspecified launch failure. /work1/sadasivan/student04/composable_kernel/include/ck/host_utility/hip_check_error.hpp: 15in function: hip_check_error
/opt/rocm-5.7.1/bin/rocprof: line 300: 210684 Aborted                 (core dumped) ""bin/example_tall_and_skinny_gemm_splitk_fp16 1 2 1 231""
Traceback (most recent call last):
  File "/opt/rocm-5.7.1/libexec/rocprofiler/tblextr.py", line 828, in <module>
    dump_csv(csvfile)
  File "/opt/rocm-5.7.1/libexec/rocprofiler/tblextr.py", line 229, in dump_csv
    val_list = [entry[var] for var in var_list]
  File "/opt/rocm-5.7.1/libexec/rocprofiler/tblextr.py", line 229, in <listcomp>
    val_list = [entry[var] for var in var_list]
KeyError: 'TCC_EA_RDREQ_IO_CREDIT_STALL[0]'
Profiling data corrupted: ' /tmp/rpl_data_240527_174928_210525/input0_results_240527_174928/results.txt'
RPL: on '240527_174928' from '/opt/rocm-5.7.1' in '/work1/sadasivan/student04/composable_kernel/build'
RPL: profiling '""bin/example_tall_and_skinny_gemm_splitk_fp16 1 2 1 231""'
RPL: input file '/work1/sadasivan/student04/composable_kernel/build/workloads/my_profile_data14/mi100/perfmon/pmc_perf_14.txt'
RPL: output dir '/tmp/rpl_data_240527_174928_210716'
RPL: result dir '/tmp/rpl_data_240527_174928_210716/input0_results_240527_174928'
a_m_k: dim 2, lengths {16, 1024}, strides {1024, 1}
b_k_n: dim 2, lengths {1024, 16}, strides {16, 1}
c_m_n: dim 2, lengths {16, 16}, strides {16, 1}
ROCProfiler: input from "/tmp/rpl_data_240527_174928_210716/input0.xml"
  gpu_index = 
  kernel = 
  range = 
  128 metrics
    TCC_EA_WRREQ_DRAM_CREDIT_STALL[0], TCC_EA_WRREQ_GMI_CREDIT_STALL[0], TCC_EA_WRREQ_IO_CREDIT_STALL[0], TCC_EA_WRREQ_LEVEL[0], TCC_EA_WRREQ_DRAM_CREDIT_STALL[1], TCC_EA_WRREQ_GMI_CREDIT_STALL[1], TCC_EA_WRREQ_IO_CREDIT_STALL[1], TCC_EA_WRREQ_LEVEL[1], TCC_EA_WRREQ_DRAM_CREDIT_STALL[2], TCC_EA_WRREQ_GMI_CREDIT_STALL[2], TCC_EA_WRREQ_IO_CREDIT_STALL[2], TCC_EA_WRREQ_LEVEL[2], TCC_EA_WRREQ_DRAM_CREDIT_STALL[3], TCC_EA_WRREQ_GMI_CREDIT_STALL[3], TCC_EA_WRREQ_IO_CREDIT_STALL[3], TCC_EA_WRREQ_LEVEL[3], TCC_EA_WRREQ_DRAM_CREDIT_STALL[4], TCC_EA_WRREQ_GMI_CREDIT_STALL[4], TCC_EA_WRREQ_IO_CREDIT_STALL[4], TCC_EA_WRREQ_LEVEL[4], TCC_EA_WRREQ_DRAM_CREDIT_STALL[5], TCC_EA_WRREQ_GMI_CREDIT_STALL[5], TCC_EA_WRREQ_IO_CREDIT_STALL[5], TCC_EA_WRREQ_LEVEL[5], TCC_EA_WRREQ_DRAM_CREDIT_STALL[6], TCC_EA_WRREQ_GMI_CREDIT_STALL[6], TCC_EA_WRREQ_IO_CREDIT_STALL[6], TCC_EA_WRREQ_LEVEL[6], TCC_EA_WRREQ_DRAM_CREDIT_STALL[7], TCC_EA_WRREQ_GMI_CREDIT_STALL[7], TCC_EA_WRREQ_IO_CREDIT_STALL[7], TCC_EA_WRREQ_LEVEL[7], TCC_EA_WRREQ_DRAM_CREDIT_STALL[8], TCC_EA_WRREQ_GMI_CREDIT_STALL[8], TCC_EA_WRREQ_IO_CREDIT_STALL[8], TCC_EA_WRREQ_LEVEL[8], TCC_EA_WRREQ_DRAM_CREDIT_STALL[9], TCC_EA_WRREQ_GMI_CREDIT_STALL[9], TCC_EA_WRREQ_IO_CREDIT_STALL[9], TCC_EA_WRREQ_LEVEL[9], TCC_EA_WRREQ_DRAM_CREDIT_STALL[10], TCC_EA_WRREQ_GMI_CREDIT_STALL[10], TCC_EA_WRREQ_IO_CREDIT_STALL[10], TCC_EA_WRREQ_LEVEL[10], TCC_EA_WRREQ_DRAM_CREDIT_STALL[11], TCC_EA_WRREQ_GMI_CREDIT_STALL[11], TCC_EA_WRREQ_IO_CREDIT_STALL[11], TCC_EA_WRREQ_LEVEL[11], TCC_EA_WRREQ_DRAM_CREDIT_STALL[12], TCC_EA_WRREQ_GMI_CREDIT_STALL[12], TCC_EA_WRREQ_IO_CREDIT_STALL[12], TCC_EA_WRREQ_LEVEL[12], TCC_EA_WRREQ_DRAM_CREDIT_STALL[13], TCC_EA_WRREQ_GMI_CREDIT_STALL[13], TCC_EA_WRREQ_IO_CREDIT_STALL[13], TCC_EA_WRREQ_LEVEL[13], TCC_EA_WRREQ_DRAM_CREDIT_STALL[14], TCC_EA_WRREQ_GMI_CREDIT_STALL[14], TCC_EA_WRREQ_IO_CREDIT_STALL[14], TCC_EA_WRREQ_LEVEL[14], TCC_EA_WRREQ_DRAM_CREDIT_STALL[15], TCC_EA_WRREQ_GMI_CREDIT_STALL[15], TCC_EA_WRREQ_IO_CREDIT_STALL[15], TCC_EA_WRREQ_LEVEL[15], TCC_EA_WRREQ_DRAM_CREDIT_STALL[16], TCC_EA_WRREQ_GMI_CREDIT_STALL[16], TCC_EA_WRREQ_IO_CREDIT_STALL[16], TCC_EA_WRREQ_LEVEL[16], TCC_EA_WRREQ_DRAM_CREDIT_STALL[17], TCC_EA_WRREQ_GMI_CREDIT_STALL[17], TCC_EA_WRREQ_IO_CREDIT_STALL[17], TCC_EA_WRREQ_LEVEL[17], TCC_EA_WRREQ_DRAM_CREDIT_STALL[18], TCC_EA_WRREQ_GMI_CREDIT_STALL[18], TCC_EA_WRREQ_IO_CREDIT_STALL[18], TCC_EA_WRREQ_LEVEL[18], TCC_EA_WRREQ_DRAM_CREDIT_STALL[19], TCC_EA_WRREQ_GMI_CREDIT_STALL[19], TCC_EA_WRREQ_IO_CREDIT_STALL[19], TCC_EA_WRREQ_LEVEL[19], TCC_EA_WRREQ_DRAM_CREDIT_STALL[20], TCC_EA_WRREQ_GMI_CREDIT_STALL[20], TCC_EA_WRREQ_IO_CREDIT_STALL[20], TCC_EA_WRREQ_LEVEL[20], TCC_EA_WRREQ_DRAM_CREDIT_STALL[21], TCC_EA_WRREQ_GMI_CREDIT_STALL[21], TCC_EA_WRREQ_IO_CREDIT_STALL[21], TCC_EA_WRREQ_LEVEL[21], TCC_EA_WRREQ_DRAM_CREDIT_STALL[22], TCC_EA_WRREQ_GMI_CREDIT_STALL[22], TCC_EA_WRREQ_IO_CREDIT_STALL[22], TCC_EA_WRREQ_LEVEL[22], TCC_EA_WRREQ_DRAM_CREDIT_STALL[23], TCC_EA_WRREQ_GMI_CREDIT_STALL[23], TCC_EA_WRREQ_IO_CREDIT_STALL[23], TCC_EA_WRREQ_LEVEL[23], TCC_EA_WRREQ_DRAM_CREDIT_STALL[24], TCC_EA_WRREQ_GMI_CREDIT_STALL[24], TCC_EA_WRREQ_IO_CREDIT_STALL[24], TCC_EA_WRREQ_LEVEL[24], TCC_EA_WRREQ_DRAM_CREDIT_STALL[25], TCC_EA_WRREQ_GMI_CREDIT_STALL[25], TCC_EA_WRREQ_IO_CREDIT_STALL[25], TCC_EA_WRREQ_LEVEL[25], TCC_EA_WRREQ_DRAM_CREDIT_STALL[26], TCC_EA_WRREQ_GMI_CREDIT_STALL[26], TCC_EA_WRREQ_IO_CREDIT_STALL[26], TCC_EA_WRREQ_LEVEL[26], TCC_EA_WRREQ_DRAM_CREDIT_STALL[27], TCC_EA_WRREQ_GMI_CREDIT_STALL[27], TCC_EA_WRREQ_IO_CREDIT_STALL[27], TCC_EA_WRREQ_LEVEL[27], TCC_EA_WRREQ_DRAM_CREDIT_STALL[28], TCC_EA_WRREQ_GMI_CREDIT_STALL[28], TCC_EA_WRREQ_IO_CREDIT_STALL[28], TCC_EA_WRREQ_LEVEL[28], TCC_EA_WRREQ_DRAM_CREDIT_STALL[29], TCC_EA_WRREQ_GMI_CREDIT_STALL[29], TCC_EA_WRREQ_IO_CREDIT_STALL[29], TCC_EA_WRREQ_LEVEL[29], TCC_EA_WRREQ_DRAM_CREDIT_STALL[30], TCC_EA_WRREQ_GMI_CREDIT_STALL[30], TCC_EA_WRREQ_IO_CREDIT_STALL[30], TCC_EA_WRREQ_LEVEL[30], TCC_EA_WRterminate called after throwing an instance of 'std::runtime_error'
  what():  HIP runtime error: unspecified launch failure. /work1/sadasivan/student04/composable_kernel/include/ck/host_utility/hip_check_error.hpp: 15in function: hip_check_error
/opt/rocm-5.7.1/bin/rocprof: line 300: 210875 Aborted                 (core dumped) ""bin/example_tall_and_skinny_gemm_splitk_fp16 1 2 1 231""
Traceback (most recent call last):
  File "/opt/rocm-5.7.1/libexec/rocprofiler/tblextr.py", line 828, in <module>
    dump_csv(csvfile)
  File "/opt/rocm-5.7.1/libexec/rocprofiler/tblextr.py", line 229, in dump_csv
    val_list = [entry[var] for var in var_list]
  File "/opt/rocm-5.7.1/libexec/rocprofiler/tblextr.py", line 229, in <listcomp>
    val_list = [entry[var] for var in var_list]
KeyError: 'TCC_EA_WRREQ_IO_CREDIT_STALL[27]'
Profiling data corrupted: ' /tmp/rpl_data_240527_174928_210716/input0_results_240527_174928/results.txt'
RPL: on '240527_174929' from '/opt/rocm-5.7.1' in '/work1/sadasivan/student04/composable_kernel/build'
RPL: profiling '""bin/example_tall_and_skinny_gemm_splitk_fp16 1 2 1 231""'
RPL: input file '/work1/sadasivan/student04/composable_kernel/build/workloads/my_profile_data14/mi100/perfmon/pmc_perf_9.txt'
RPL: output dir '/tmp/rpl_data_240527_174929_210925'
RPL: result dir '/tmp/rpl_data_240527_174929_210925/input0_results_240527_174929'
a_m_k: dim 2, lengths {16, 1024}, strides {1024, 1}
b_k_n: dim 2, lengths {1024, 16}, strides {16, 1}
c_m_n: dim 2, lengths {16, 16}, strides {16, 1}
terminate called after throwing an instance of 'std::runtime_error'
  what():  HIP runtime error: unspecified launch failure. /work1/sadasivan/student04/composable_kernel/include/ck/host_utility/hip_check_error.hpp: 15in function: hip_check_error
/opt/rocm-5.7.1/bin/rocprof: line 300: 211084 Aborted                 (core dumped) ""bin/example_tall_and_skinny_gemm_splitk_fp16 1 2 1 231""
Traceback (most recent call last):
  File "/opt/rocm-5.7.1/libexec/rocprofiler/tblextr.py", line 828, in <module>
    dump_csv(csvfile)
  File "/opt/rocm-5.7.1/libexec/rocprofiler/tblextr.py", line 229, in dump_csv
    val_list = [entry[var] for var in var_list]
  File "/opt/rocm-5.7.1/libexec/rocprofiler/tblextr.py", line 229, in <listcomp>
    val_list = [entry[var] for var in var_list]
KeyError: 'TCP_TCC_RW_READ_REQ_sum'
Profiling data corrupted: ' /tmp/rpl_data_240527_174929_210925/input0_results_240527_174929/results.txt'
RPL: on '240527_174930' from '/opt/rocm-5.7.1' in '/work1/sadasivan/student04/composable_kernel/build'
RPL: profiling '""bin/example_tall_and_skinny_gemm_splitk_fp16 1 2 1 231""'
RPL: input file '/work1/sadasivan/student04/composable_kernel/build/workloads/my_profile_data14/mi100/perfmon/pmc_perf_1.txt'
RPL: output dir '/tmp/rpl_data_240527_174930_211137'
RPL: result dir '/tmp/rpl_data_240527_174930_211137/input0_results_240527_174930'
a_m_k: dim 2, lengths {16, 1024}, strides {1024, 1}
b_k_n: dim 2, lengths {1024, 16}, strides {16, 1}
c_m_n: dim 2, lengths {16, 16}, strides {16, 1}
terminate called after throwing an instance of 'std::runtime_error'
  what():  HIP runtime error: unspecified launch failure. /work1/sadasivan/student04/composable_kernel/include/ck/host_utility/hip_check_error.hpp: 15in function: hip_check_error
/opt/rocm-5.7.1/bin/rocprof: line 300: 211296 Aborted                 (core dumped) ""bin/example_tall_and_skinny_gemm_splitk_fp16 1 2 1 231""
File '/work1/sadasivan/student04/composable_kernel/build/workloads/my_profile_data14/mi100/pmc_perf_1.csv' is generating
RPL: on '240527_174930' from '/opt/rocm-5.7.1' in '/work1/sadasivan/student04/composable_kernel/build'
RPL: profiling '""bin/example_tall_and_skinny_gemm_splitk_fp16 1 2 1 231""'
RPL: input file '/work1/sadasivan/student04/composable_kernel/build/workloads/my_profile_data14/mi100/perfmon/SQ_INST_LEVEL_LDS.txt'
RPL: output dir '/tmp/rpl_data_240527_174930_211351'
RPL: result dir '/tmp/rpl_data_240527_174930_211351/input0_results_240527_174930'
a_m_k: dim 2, lengths {16, 1024}, strides {1024, 1}
b_k_n: dim 2, lengths {1024, 16}, strides {16, 1}
c_m_n: dim 2, lengths {16, 16}, strides {16, 1}
terminate called after throwing an instance of 'std::runtime_error'
  what():  HIP runtime error: unspecified launch failure. /work1/sadasivan/student04/composable_kernel/include/ck/host_utility/hip_check_error.hpp: 15in function: hip_check_error
/opt/rocm-5.7.1/bin/rocprof: line 300: 211512 Aborted                 (core dumped) ""bin/example_tall_and_skinny_gemm_splitk_fp16 1 2 1 231""
Traceback (most recent call last):
  File "/opt/rocm-5.7.1/libexec/rocprofiler/tblextr.py", line 828, in <module>
    dump_csv(csvfile)
  File "/opt/rocm-5.7.1/libexec/rocprofiler/tblextr.py", line 229, in dump_csv
    val_list = [entry[var] for var in var_list]
  File "/opt/rocm-5.7.1/libexec/rocprofiler/tblextr.py", line 229, in <listcomp>
    val_list = [entry[var] for var in var_list]
KeyError: 'SQ_INSTS_LDS'
Profiling data corrupted: ' /tmp/rpl_data_240527_174930_211351/input0_results_240527_174930/results.txt'
RPL: on '240527_174931' from '/opt/rocm-5.7.1' in '/work1/sadasivan/student04/composable_kernel/build'
RPL: profiling '""bin/example_tall_and_skinny_gemm_splitk_fp16 1 2 1 231""'
RPL: input file '/work1/sadasivan/student04/composable_kernel/build/workloads/my_profile_data14/mi100/perfmon/pmc_perf_16.txt'
RPL: output dir '/tmp/rpl_data_240527_174931_211547'
RPL: result dir '/tmp/rpl_data_240527_174931_211547/input0_results_240527_174931'
a_m_k: dim 2, lengths {16, 1024}, strides {1024, 1}
b_k_n: dim 2, lengths {1024, 16}, strides {16, 1}
c_m_n: dim 2, lengths {16, 16}, strides {16, 1}
terminate called after throwing an instance of 'std::runtime_error'
  what():  HIP runtime error: unspecified launch failure. /work1/sadasivan/student04/composable_kernel/include/ck/host_utility/hip_check_error.hpp: 15in function: hip_check_error
/opt/rocm-5.7.1/bin/rocprof: line 300: 211706 Aborted                 (core dumped) ""bin/example_tall_and_skinny_gemm_splitk_fp16 1 2 1 231""
Traceback (most recent call last):
  File "/opt/rocm-5.7.1/libexec/rocprofiler/tblextr.py", line 828, in <module>
    dump_csv(csvfile)
  File "/opt/rocm-5.7.1/libexec/rocprofiler/tblextr.py", line 229, in dump_csv
    val_list = [entry[var] for var in var_list]
  File "/opt/rocm-5.7.1/libexec/rocprofiler/tblextr.py", line 229, in <listcomp>
    val_list = [entry[var] for var in var_list]
KeyError: 'TCC_RW_REQ[0]'
Profiling data corrupted: ' /tmp/rpl_data_240527_174931_211547/input0_results_240527_174931/results.txt'
RPL: on '240527_174931' from '/opt/rocm-5.7.1' in '/work1/sadasivan/student04/composable_kernel/build'
RPL: profiling '""bin/example_tall_and_skinny_gemm_splitk_fp16 1 2 1 231""'
RPL: input file '/work1/sadasivan/student04/composable_kernel/build/workloads/my_profile_data14/mi100/perfmon/SQ_INST_LEVEL_VMEM.txt'
RPL: output dir '/tmp/rpl_data_240527_174931_211757'
RPL: result dir '/tmp/rpl_data_240527_174931_211757/input0_results_240527_174931'
a_m_k: dim 2, lengths {16, 1024}, strides {1024, 1}
b_k_n: dim 2, lengths {1024, 16}, strides {16, 1}
c_m_n: dim 2, lengths {16, 16}, strides {16, 1}
terminate called after throwing an instance of 'std::runtime_error'
  what():  HIP runtime error: unspecified launch failure. /work1/sadasivan/student04/composable_kernel/include/ck/host_utility/hip_check_error.hpp: 15in function: hip_check_error
/opt/rocm-5.7.1/bin/rocprof: line 300: 211922 Aborted                 (core dumped) ""bin/example_tall_and_skinny_gemm_splitk_fp16 1 2 1 231""
Traceback (most recent call last):
  File "/opt/rocm-5.7.1/libexec/rocprofiler/tblextr.py", line 828, in <module>
    dump_csv(csvfile)
  File "/opt/rocm-5.7.1/libexec/rocprofiler/tblextr.py", line 229, in dump_csv
    val_list = [entry[var] for var in var_list]
  File "/opt/rocm-5.7.1/libexec/rocprofiler/tblextr.py", line 229, in <listcomp>
    val_list = [entry[var] for var in var_list]
KeyError: 'SQ_INSTS_VMEM'
Profiling data corrupted: ' /tmp/rpl_data_240527_174931_211757/input0_results_240527_174931/results.txt'
RPL: on '240527_174932' from '/opt/rocm-5.7.1' in '/work1/sadasivan/student04/composable_kernel/build'
RPL: profiling '""bin/example_tall_and_skinny_gemm_splitk_fp16 1 2 1 231""'
RPL: input file '/work1/sadasivan/student04/composable_kernel/build/workloads/my_profile_data14/mi100/perfmon/SQ_LEVEL_WAVES.txt'
RPL: output dir '/tmp/rpl_data_240527_174932_211976'
RPL: result dir '/tmp/rpl_data_240527_174932_211976/input0_results_240527_174932'
a_m_k: dim 2, lengths {16, 1024}, strides {1024, 1}
b_k_n: dim 2, lengths {1024, 16}, strides {16, 1}
c_m_n: dim 2, lengths {16, 16}, strides {16, 1}
terminate called after throwing an instance of 'std::runtime_error'
  what():  HIP runtime error: unspecified launch failure. /work1/sadasivan/student04/composable_kernel/include/ck/host_utility/hip_check_error.hpp: 15in function: hip_check_error
/opt/rocm-5.7.1/bin/rocprof: line 300: 212135 Aborted                 (core dumped) ""bin/example_tall_and_skinny_gemm_splitk_fp16 1 2 1 231""
Traceback (most recent call last):
  File "/opt/rocm-5.7.1/libexec/rocprofiler/tblextr.py", line 828, in <module>
    dump_csv(csvfile)
  File "/opt/rocm-5.7.1/libexec/rocprofiler/tblextr.py", line 229, in dump_csv
    val_list = [entry[var] for var in var_list]
  File "/opt/rocm-5.7.1/libexec/rocprofiler/tblextr.py", line 229, in <listcomp>
    val_list = [entry[var] for var in var_list]
KeyError: 'GRBM_COUNT'
Profiling data corrupted: ' /tmp/rpl_data_240527_174932_211976/input0_results_240527_174932/results.txt'
RPL: on '240527_174932' from '/opt/rocm-5.7.1' in '/work1/sadasivan/student04/composable_kernel/build'
RPL: profiling '""bin/example_tall_and_skinny_gemm_splitk_fp16 1 2 1 231""'
RPL: input file '/work1/sadasivan/student04/composable_kernel/build/workloads/my_profile_data14/mi100/perfmon/pmc_perf_3.txt'
RPL: output dir '/tmp/rpl_data_240527_174932_212187'
RPL: result dir '/tmp/rpl_data_240527_174932_212187/input0_results_240527_174932'
a_m_k: dim 2, lengths {16, 1024}, strides {1024, 1}
b_k_n: dim 2, lengths {1024, 16}, strides {16, 1}
c_m_n: dim 2, lengths {16, 16}, strides {16, 1}
terminate called after throwing an instance of 'std::runtime_error'
  what():  HIP runtime error: unspecified launch failure. /work1/sadasivan/student04/composable_kernel/include/ck/host_utility/hip_check_error.hpp: 15in function: hip_check_error
/opt/rocm-5.7.1/bin/rocprof: line 300: 212350 Aborted                 (core dumped) ""bin/example_tall_and_skinny_gemm_splitk_fp16 1 2 1 231""
Traceback (most recent call last):
  File "/opt/rocm-5.7.1/libexec/rocprofiler/tblextr.py", line 828, in <module>
    dump_csv(csvfile)
  File "/opt/rocm-5.7.1/libexec/rocprofiler/tblextr.py", line 229, in dump_csv
    val_list = [entry[var] for var in var_list]
  File "/opt/rocm-5.7.1/libexec/rocprofiler/tblextr.py", line 229, in <listcomp>
    val_list = [entry[var] for var in var_list]
KeyError: 'SQC_DCACHE_REQ_READ_2'
Profiling data corrupted: ' /tmp/rpl_data_240527_174932_212187/input0_results_240527_174932/results.txt'
RPL: on '240527_174933' from '/opt/rocm-5.7.1' in '/work1/sadasivan/student04/composable_kernel/build'
RPL: profiling '""bin/example_tall_and_skinny_gemm_splitk_fp16 1 2 1 231""'
RPL: input file '/work1/sadasivan/student04/composable_kernel/build/workloads/my_profile_data14/mi100/perfmon/pmc_perf_15.txt'
RPL: output dir '/tmp/rpl_data_240527_174933_212405'
RPL: result dir '/tmp/rpl_data_240527_174933_212405/input0_results_240527_174933'
a_m_k: dim 2, lengths {16, 1024}, strides {1024, 1}
b_k_n: dim 2, lengths {1024, 16}, strides {16, 1}
c_m_n: dim 2, lengths {16, 16}, strides {16, 1}
terminate called after throwing an instance of 'std::runtime_error'
  what():  HIP runtime error: unspecified launch failure. /work1/sadasivan/student04/composable_kernel/include/ck/host_utility/hip_check_error.hpp: 15in function: hip_check_error
/opt/rocm-5.7.1/bin/rocprof: line 300: 212564 Aborted                 (core dumped) ""bin/example_tall_and_skinny_gemm_splitk_fp16 1 2 1 231""
Traceback (most recent call last):
  File "/opt/rocm-5.7.1/libexec/rocprofiler/tblextr.py", line 828, in <module>
    dump_csv(csvfile)
  File "/opt/rocm-5.7.1/libexec/rocprofiler/tblextr.py", line 229, in dump_csv
    val_list = [entry[var] for var in var_list]
  File "/opt/rocm-5.7.1/libexec/rocprofiler/tblextr.py", line 229, in <listcomp>
    val_list = [entry[var] for var in var_list]
KeyError: 'TCC_HIT[0]'
Profiling data corrupted: ' /tmp/rpl_data_240527_174933_212405/input0_results_240527_174933/results.txt'
RPL: on '240527_174934' from '/opt/rocm-5.7.1' in '/work1/sadasivan/student04/composable_kernel/build'
RPL: profiling '""bin/example_tall_and_skinny_gemm_splitk_fp16 1 2 1 231""'
RPL: input file '/work1/sadasivan/student04/composable_kernel/build/workloads/my_profile_data14/mi100/perfmon/pmc_perf_8.txt'
RPL: output dir '/tmp/rpl_data_240527_174934_212594'
RPL: result dir '/tmp/rpl_data_240527_174934_212594/input0_results_240527_174934'
a_m_k: dim 2, lengths {16, 1024}, strides {1024, 1}
b_k_n: dim 2, lengths {1024, 16}, strides {16, 1}
c_m_n: dim 2, lengths {16, 16}, strides {16, 1}
terminate called after throwing an instance of 'std::runtime_error'
  what():  HIP runtime error: unspecified launch failure. /work1/sadasivan/student04/composable_kernel/include/ck/host_utility/hip_check_error.hpp: 15in function: hip_check_error
/opt/rocm-5.7.1/bin/rocprof: line 300: 212753 Aborted                 (core dumped) ""bin/example_tall_and_skinny_gemm_splitk_fp16 1 2 1 231""
Traceback (most recent call last):
  File "/opt/rocm-5.7.1/libexec/rocprofiler/tblextr.py", line 828, in <module>
    dump_csv(csvfile)
  File "/opt/rocm-5.7.1/libexec/rocprofiler/tblextr.py", line 229, in dump_csv
    val_list = [entry[var] for var in var_list]
  File "/opt/rocm-5.7.1/libexec/rocprofiler/tblextr.py", line 229, in <listcomp>
    val_list = [entry[var] for var in var_list]
KeyError: 'SQ_ITEMS'
Profiling data corrupted: ' /tmp/rpl_data_240527_174934_212594/input0_results_240527_174934/results.txt'
RPL: on '240527_174934' from '/opt/rocm-5.7.1' in '/work1/sadasivan/student04/composable_kernel/build'
RPL: profiling '""bin/example_tall_and_skinny_gemm_splitk_fp16 1 2 1 231""'
RPL: input file '/work1/sadasivan/student04/composable_kernel/build/workloads/my_profile_data14/mi100/perfmon/pmc_perf_12.txt'
RPL: output dir '/tmp/rpl_data_240527_174934_212802'
RPL: result dir '/tmp/rpl_data_240527_174934_212802/input0_results_240527_174934'
a_m_k: dim 2, lengths {16, 1024}, strides {1024, 1}
b_k_n: dim 2, lengths {1024, 16}, strides {16, 1}
c_m_n: dim 2, lengths {16, 16}, strides {16, 1}
terminate called after throwing an instance of 'std::runtime_error'
  what():  HIP runtime error: unspecified launch failure. /work1/sadasivan/student04/composable_kernel/include/ck/host_utility/hip_check_error.hpp: 15in function: hip_check_error
/opt/rocm-5.7.1/bin/rocprof: line 300: 212961 Aborted                 (core dumped) ""bin/example_tall_and_skinny_gemm_splitk_fp16 1 2 1 231""
Traceback (most recent call last):
  File "/opt/rocm-5.7.1/libexec/rocprofiler/tblextr.py", line 828, in <module>
    dump_csv(csvfile)
  File "/opt/rocm-5.7.1/libexec/rocprofiler/tblextr.py", line 229, in dump_csv
    val_list = [entry[var] for var in var_list]
  File "/opt/rocm-5.7.1/libexec/rocprofiler/tblextr.py", line 229, in <listcomp>
    val_list = [entry[var] for var in var_list]
KeyError: 'TCC_EA_RDREQ_DRAM_CREDIT_STALL[31]'
Profiling data corrupted: ' /tmp/rpl_data_240527_174934_212802/input0_results_240527_174934/results.txt'
RPL: on '240527_174935' from '/opt/rocm-5.7.1' in '/work1/sadasivan/student04/composable_kernel/build'
RPL: profiling '""bin/example_tall_and_skinny_gemm_splitk_fp16 1 2 1 231""'
RPL: input file '/work1/sadasivan/student04/composable_kernel/build/workloads/my_profile_data14/mi100/perfmon/pmc_perf_10.txt'
RPL: output dir '/tmp/rpl_data_240527_174935_212994'
RPL: result dir '/tmp/rpl_data_240527_174935_212994/input0_results_240527_174935'
a_m_k: dim 2, lengths {16, 1024}, strides {1024, 1}
b_k_n: dim 2, lengths {1024, 16}, strides {16, 1}
c_m_n: dim 2, lengths {16, 16}, strides {16, 1}
terminate called after throwing an instance of 'std::runtime_error'
  what():  HIP runtime error: unspecified launch failure. /work1/sadasivan/student04/composable_kernel/include/ck/host_utility/hip_check_error.hpp: 15in function: hip_check_error
/opt/rocm-5.7.1/bin/rocprof: line 300: 213153 Aborted                 (core dumped) ""bin/example_tall_and_skinny_gemm_splitk_fp16 1 2 1 231""
Traceback (most recent call last):
  File "/opt/rocm-5.7.1/libexec/rocprofiler/tblextr.py", line 828, in <module>
    dump_csv(csvfile)
  File "/opt/rocm-5.7.1/libexec/rocprofiler/tblextr.py", line 229, in dump_csv
    val_list = [entry[var] for var in var_list]
  File "/opt/rocm-5.7.1/libexec/rocprofiler/tblextr.py", line 229, in <listcomp>
    val_list = [entry[var] for var in var_list]
KeyError: 'TCC_EA_ATOMIC_LEVEL_sum'
Profiling data corrupted: ' /tmp/rpl_data_240527_174935_212994/input0_results_240527_174935/results.txt'
RPL: on '240527_174935' from '/opt/rocm-5.7.1' in '/work1/sadasivan/student04/composable_kernel/build'
RPL: profiling '""bin/example_tall_and_skinny_gemm_splitk_fp16 1 2 1 231""'
RPL: input file '/work1/sadasivan/student04/composable_kernel/build/workloads/my_profile_data14/mi100/perfmon/pmc_perf_2.txt'
RPL: output dir '/tmp/rpl_data_240527_174935_213183'
RPL: result dir '/tmp/rpl_data_240527_174935_213183/input0_results_240527_174935'
a_m_k: dim 2, lengths {16, 1024}, strides {1024, 1}
b_k_n: dim 2, lengths {1024, 16}, strides {16, 1}
c_m_n: dim 2, lengths {16, 16}, strides {16, 1}
terminate called after throwing an instance of 'std::runtime_error'
  what():  HIP runtime error: unspecified launch failure. /work1/sadasivan/student04/composable_kernel/include/ck/host_utility/hip_check_error.hpp: 15in function: hip_check_error
/opt/rocm-5.7.1/bin/rocprof: line 300: 213342 Aborted                 (core dumped) ""bin/example_tall_and_skinny_gemm_splitk_fp16 1 2 1 231""
File '/work1/sadasivan/student04/composable_kernel/build/workloads/my_profile_data14/mi100/pmc_perf_2.csv' is generating
Successfully joined gpu in pmc_perf.csv
Successfully joined grd in pmc_perf.csv
Successfully joined wgr in pmc_perf.csv
Successfully joined lds in pmc_perf.csv
Successfully joined scr in pmc_perf.csv
Successfully joined spgr in pmc_perf.csv
Successfully joined arch_vgpr in pmc_perf.csv
Successfully joined accum_vgpr in pmc_perf.csv
