RPL: on '240527_184035' from '/opt/rocm-5.7.1' in '/work1/sadasivan/student04/composable_kernel/build'
RPL: profiling '""bin/example_tall_and_skinny_gemm_splitk_fp16 1 2 1 231""'
RPL: input file '/work1/sadasivan/student04/composable_kernel/build/workloads/my_profile_data19/mi100/perfmon/SQ_INST_LEVEL_SMEM.txt'
RPL: output dir '/tmp/rpl_data_240527_184035_295436'
RPL: result dir '/tmp/rpl_data_240527_184035_295436/input0_results_240527_184035'
a_m_k: dim 2, lengths {16, 1024}, strides {1024, 1}
b_k_n: dim 2, lengths {1024, 16}, strides {16, 1}
c_m_n: dim 2, lengths {16, 16}, strides {16, 1}
terminate called after throwing an instance of 'std::runtime_error'
  what():  HIP runtime error: unspecified launch failure. /work1/sadasivan/student04/composable_kernel/include/ck/host_utility/hip_check_error.hpp: 15in function: hip_check_error
/opt/rocm-5.7.1/bin/rocprof: line 300: 295595 Aborted                 (core dumped) ""bin/example_tall_and_skinny_gemm_splitk_fp16 1 2 1 231""
Traceback (most recent call last):
  File "/opt/rocm-5.7.1/libexec/rocprofiler/tblextr.py", line 828, in <module>
    dump_csv(csvfile)
  File "/opt/rocm-5.7.1/libexec/rocprofiler/tblextr.py", line 229, in dump_csv
    val_list = [entry[var] for var in var_list]
  File "/opt/rocm-5.7.1/libexec/rocprofiler/tblextr.py", line 229, in <listcomp>
    val_list = [entry[var] for var in var_list]
KeyError: 'SQ_INSTS_SMEM'
Profiling data corrupted: ' /tmp/rpl_data_240527_184035_295436/input0_results_240527_184035/results.txt'
RPL: on '240527_184036' from '/opt/rocm-5.7.1' in '/work1/sadasivan/student04/composable_kernel/build'
RPL: profiling '""bin/example_tall_and_skinny_gemm_splitk_fp16 1 2 1 231""'
RPL: input file '/work1/sadasivan/student04/composable_kernel/build/workloads/my_profile_data19/mi100/perfmon/pmc_perf_14.txt'
RPL: output dir '/tmp/rpl_data_240527_184036_295658'
RPL: result dir '/tmp/rpl_data_240527_184036_295658/input0_results_240527_184036'
a_m_k: dim 2, lengths {16, 1024}, strides {1024, 1}
b_k_n: dim 2, lengths {1024, 16}, strides {16, 1}
c_m_n: dim 2, lengths {16, 16}, strides {16, 1}
ROCProfiler: input from "/tmp/rpl_data_240527_184036_295658/input0.xml"
  gpu_index = 
  kernel = 
  range = 
  128 metrics
    TCC_EA_WRREQ_DRAM_CREDIT_STALL[0], TCC_EA_WRREQ_GMI_CREDIT_STALL[0], TCC_EA_WRREQ_IO_CREDIT_STALL[0], TCC_EA_WRREQ_LEVEL[0], TCC_EA_WRREQ_DRAM_CREDIT_STALL[1], TCC_EA_WRREQ_GMI_CREDIT_STALL[1], TCC_EA_WRREQ_IO_CREDIT_STALL[1], TCC_EA_WRREQ_LEVEL[1], TCC_EA_WRREQ_DRAM_CREDIT_STALL[2], TCC_EA_WRREQ_GMI_CREDIT_STALL[2], TCC_EA_WRREQ_IO_CREDIT_STALL[2], TCC_EA_WRREQ_LEVEL[2], TCC_EA_WRREQ_DRAM_CREDIT_STALL[3], TCC_EA_WRREQ_GMI_CREDIT_STALL[3], TCC_EA_WRREQ_IO_CREDIT_STALL[3], TCC_EA_WRREQ_LEVEL[3], TCC_EA_WRREQ_DRAM_CREDIT_STALL[4], TCC_EA_WRREQ_GMI_CREDIT_STALL[4], TCC_EA_WRREQ_IO_CREDIT_STALL[4], TCC_EA_WRREQ_LEVEL[4], TCC_EA_WRREQ_DRAM_CREDIT_STALL[5], TCC_EA_WRREQ_GMI_CREDIT_STALL[5], TCC_EA_WRREQ_IO_CREDIT_STALL[5], TCC_EA_WRREQ_LEVEL[5], TCC_EA_WRREQ_DRAM_CREDIT_STALL[6], TCC_EA_WRREQ_GMI_CREDIT_STALL[6], TCC_EA_WRREQ_IO_CREDIT_STALL[6], TCC_EA_WRREQ_LEVEL[6], TCC_EA_WRREQ_DRAM_CREDIT_STALL[7], TCC_EA_WRREQ_GMI_CREDIT_STALL[7], TCC_EA_WRREQ_IO_CREDIT_STALL[7], TCC_EA_WRREQ_LEVEL[7], TCC_EA_WRREQ_DRAM_CREDIT_STALL[8], TCC_EA_WRREQ_GMI_CREDIT_STALL[8], TCC_EA_WRREQ_IO_CREDIT_STALL[8], TCC_EA_WRREQ_LEVEL[8], TCC_EA_WRREQ_DRAM_CREDIT_STALL[9], TCC_EA_WRREQ_GMI_CREDIT_STALL[9], TCC_EA_WRREQ_IO_CREDIT_STALL[9], TCC_EA_WRREQ_LEVEL[9], TCC_EA_WRREQ_DRAM_CREDIT_STALL[10], TCC_EA_WRREQ_GMI_CREDIT_STALL[10], TCC_EA_WRREQ_IO_CREDIT_STALL[10], TCC_EA_WRREQ_LEVEL[10], TCC_EA_WRREQ_DRAM_CREDIT_STALL[11], TCC_EA_WRREQ_GMI_CREDIT_STALL[11], TCC_EA_WRREQ_IO_CREDIT_STALL[11], TCC_EA_WRREQ_LEVEL[11], TCC_EA_WRREQ_DRAM_CREDIT_STALL[12], TCC_EA_WRREQ_GMI_CREDIT_STALL[12], TCC_EA_WRREQ_IO_CREDIT_STALL[12], TCC_EA_WRREQ_LEVEL[12], TCC_EA_WRREQ_DRAM_CREDIT_STALL[13], TCC_EA_WRREQ_GMI_CREDIT_STALL[13], TCC_EA_WRREQ_IO_CREDIT_STALL[13], TCC_EA_WRREQ_LEVEL[13], TCC_EA_WRREQ_DRAM_CREDIT_STALL[14], TCC_EA_WRREQ_GMI_CREDIT_STALL[14], TCC_EA_WRREQ_IO_CREDIT_STALL[14], TCC_EA_WRREQ_LEVEL[14], TCC_EA_WRREQ_DRAM_CREDIT_STALL[15], TCC_EA_WRREQ_GMI_CREDIT_STALL[15], TCC_EA_WRREQ_IO_CREDIT_STALL[15], TCC_EA_WRREQ_LEVEL[15], TCC_EA_WRREQ_DRAM_CREDIT_STALL[16], TCC_EA_WRREQ_GMI_CREDIT_STALL[16], TCC_EA_WRREQ_IO_CREDIT_STALL[16], TCC_EA_WRREQ_LEVEL[16], TCC_EA_WRREQ_DRAM_CREDIT_STALL[17], TCC_EA_WRREQ_GMI_CREDIT_STALL[17], TCC_EA_WRREQ_IO_CREDIT_STALL[17], TCC_EA_WRREQ_LEVEL[17], TCC_EA_WRREQ_DRAM_CREDIT_STALL[18], TCC_EA_WRREQ_GMI_CREDIT_STALL[18], TCC_EA_WRREQ_IO_CREDIT_STALL[18], TCC_EA_WRREQ_LEVEL[18], TCC_EA_WRREQ_DRAM_CREDIT_STALL[19], TCC_EA_WRREQ_GMI_CREDIT_STALL[19], TCC_EA_WRREQ_IO_CREDIT_STALL[19], TCC_EA_WRREQ_LEVEL[19], TCC_EA_WRREQ_DRAM_CREDIT_STALL[20], TCC_EA_WRREQ_GMI_CREDIT_STALL[20], TCC_EA_WRREQ_IO_CREDIT_STALL[20], TCC_EA_WRREQ_LEVEL[20], TCC_EA_WRREQ_DRAM_CREDIT_STALL[21], TCC_EA_WRREQ_GMI_CREDIT_STALL[21], TCC_EA_WRREQ_IO_CREDIT_STALL[21], TCC_EA_WRREQ_LEVEL[21], TCC_EA_WRREQ_DRAM_CREDIT_STALL[22], TCC_EA_WRREQ_GMI_CREDIT_STALL[22], TCC_EA_WRREQ_IO_CREDIT_STALL[22], TCC_EA_WRREQ_LEVEL[22], TCC_EA_WRREQ_DRAM_CREDIT_STALL[23], TCC_EA_WRREQ_GMI_CREDIT_STALL[23], TCC_EA_WRREQ_IO_CREDIT_STALL[23], TCC_EA_WRREQ_LEVEL[23], TCC_EA_WRREQ_DRAM_CREDIT_STALL[24], TCC_EA_WRREQ_GMI_CREDIT_STALL[24], TCC_EA_WRREQ_IO_CREDIT_STALL[24], TCC_EA_WRREQ_LEVEL[24], TCC_EA_WRREQ_DRAM_CREDIT_STALL[25], TCC_EA_WRREQ_GMI_CREDIT_STALL[25], TCC_EA_WRREQ_IO_CREDIT_STALL[25], TCC_EA_WRREQ_LEVEL[25], TCC_EA_WRREQ_DRAM_CREDIT_STALL[26], TCC_EA_WRREQ_GMI_CREDIT_STALL[26], TCC_EA_WRREQ_IO_CREDIT_STALL[26], TCC_EA_WRREQ_LEVEL[26], TCC_EA_WRREQ_DRAM_CREDIT_STALL[27], TCC_EA_WRREQ_GMI_CREDIT_STALL[27], TCC_EA_WRREQ_IO_CREDIT_STALL[27], TCC_EA_WRREQ_LEVEL[27], TCC_EA_WRREQ_DRAM_CREDIT_STALL[28], TCC_EA_WRREQ_GMI_CREDIT_STALL[28], TCC_EA_WRREQ_IO_CREDIT_STALL[28], TCC_EA_WRREQ_LEVEL[28], TCC_EA_WRREQ_DRAM_CREDIT_STALL[29], TCC_EA_WRREQ_GMI_CREDIT_STALL[29], TCC_EA_WRREQ_IO_CREDIT_STALL[29], TCC_EA_WRREQ_LEVEL[29], TCC_EA_WRREQ_DRAM_CREDIT_STALL[30], TCC_EA_WRREQ_GMI_CREDIT_STALL[30], TCC_EA_WRREQ_IO_CREDIT_STALL[30], TCC_EA_WRREQ_LEVEL[30], TCC_EA_WRterminate called after throwing an instance of 'std::runtime_error'
  what():  HIP runtime error: unspecified launch failure. /work1/sadasivan/student04/composable_kernel/include/ck/host_utility/hip_check_error.hpp: 15in function: hip_check_error
/opt/rocm-5.7.1/bin/rocprof: line 300: 295819 Aborted                 (core dumped) ""bin/example_tall_and_skinny_gemm_splitk_fp16 1 2 1 231""
Traceback (most recent call last):
  File "/opt/rocm-5.7.1/libexec/rocprofiler/tblextr.py", line 828, in <module>
    dump_csv(csvfile)
  File "/opt/rocm-5.7.1/libexec/rocprofiler/tblextr.py", line 229, in dump_csv
    val_list = [entry[var] for var in var_list]
  File "/opt/rocm-5.7.1/libexec/rocprofiler/tblextr.py", line 229, in <listcomp>
    val_list = [entry[var] for var in var_list]
KeyError: 'TCC_EA_WRREQ_IO_CREDIT_STALL[27]'
Profiling data corrupted: ' /tmp/rpl_data_240527_184036_295658/input0_results_240527_184036/results.txt'
RPL: on '240527_184037' from '/opt/rocm-5.7.1' in '/work1/sadasivan/student04/composable_kernel/build'
RPL: profiling '""bin/example_tall_and_skinny_gemm_splitk_fp16 1 2 1 231""'
RPL: input file '/work1/sadasivan/student04/composable_kernel/build/workloads/my_profile_data19/mi100/perfmon/pmc_perf_0.txt'
RPL: output dir '/tmp/rpl_data_240527_184037_295911'
RPL: result dir '/tmp/rpl_data_240527_184037_295911/input0_results_240527_184037'
a_m_k: dim 2, lengths {16, 1024}, strides {1024, 1}
b_k_n: dim 2, lengths {1024, 16}, strides {16, 1}
c_m_n: dim 2, lengths {16, 16}, strides {16, 1}
terminate called after throwing an instance of 'std::runtime_error'
  what():  HIP runtime error: unspecified launch failure. /work1/sadasivan/student04/composable_kernel/include/ck/host_utility/hip_check_error.hpp: 15in function: hip_check_error
/opt/rocm-5.7.1/bin/rocprof: line 300: 296074 Aborted                 (core dumped) ""bin/example_tall_and_skinny_gemm_splitk_fp16 1 2 1 231""
File '/work1/sadasivan/student04/composable_kernel/build/workloads/my_profile_data19/mi100/pmc_perf_0.csv' is generating
RPL: on '240527_184037' from '/opt/rocm-5.7.1' in '/work1/sadasivan/student04/composable_kernel/build'
RPL: profiling '""bin/example_tall_and_skinny_gemm_splitk_fp16 1 2 1 231""'
RPL: input file '/work1/sadasivan/student04/composable_kernel/build/workloads/my_profile_data19/mi100/perfmon/pmc_perf_11.txt'
RPL: output dir '/tmp/rpl_data_240527_184037_296272'
RPL: result dir '/tmp/rpl_data_240527_184037_296272/input0_results_240527_184037'
a_m_k: dim 2, lengths {16, 1024}, strides {1024, 1}
b_k_n: dim 2, lengths {1024, 16}, strides {16, 1}
c_m_n: dim 2, lengths {16, 16}, strides {16, 1}
terminate called after throwing an instance of 'std::runtime_error'
  what():  HIP runtime error: unspecified launch failure. /work1/sadasivan/student04/composable_kernel/include/ck/host_utility/hip_check_error.hpp: 15in function: hip_check_error
/opt/rocm-5.7.1/bin/rocprof: line 300: 296439 Aborted                 (core dumped) ""bin/example_tall_and_skinny_gemm_splitk_fp16 1 2 1 231""
Traceback (most recent call last):
  File "/opt/rocm-5.7.1/libexec/rocprofiler/tblextr.py", line 828, in <module>
    dump_csv(csvfile)
  File "/opt/rocm-5.7.1/libexec/rocprofiler/tblextr.py", line 229, in dump_csv
    val_list = [entry[var] for var in var_list]
  File "/opt/rocm-5.7.1/libexec/rocprofiler/tblextr.py", line 229, in <listcomp>
    val_list = [entry[var] for var in var_list]
KeyError: 'TCC_ATOMIC[0]'
Profiling data corrupted: ' /tmp/rpl_data_240527_184037_296272/input0_results_240527_184037/results.txt'
RPL: on '240527_184038' from '/opt/rocm-5.7.1' in '/work1/sadasivan/student04/composable_kernel/build'
RPL: profiling '""bin/example_tall_and_skinny_gemm_splitk_fp16 1 2 1 231""'
RPL: input file '/work1/sadasivan/student04/composable_kernel/build/workloads/my_profile_data19/mi100/perfmon/pmc_perf_4.txt'
RPL: output dir '/tmp/rpl_data_240527_184038_296489'
RPL: result dir '/tmp/rpl_data_240527_184038_296489/input0_results_240527_184038'
a_m_k: dim 2, lengths {16, 1024}, strides {1024, 1}
b_k_n: dim 2, lengths {1024, 16}, strides {16, 1}
c_m_n: dim 2, lengths {16, 16}, strides {16, 1}
terminate called after throwing an instance of 'std::runtime_error'
  what():  HIP runtime error: unspecified launch failure. /work1/sadasivan/student04/composable_kernel/include/ck/host_utility/hip_check_error.hpp: 15in function: hip_check_error
/opt/rocm-5.7.1/bin/rocprof: line 300: 296649 Aborted                 (core dumped) ""bin/example_tall_and_skinny_gemm_splitk_fp16 1 2 1 231""
Traceback (most recent call last):
  File "/opt/rocm-5.7.1/libexec/rocprofiler/tblextr.py", line 828, in <module>
    dump_csv(csvfile)
  File "/opt/rocm-5.7.1/libexec/rocprofiler/tblextr.py", line 229, in dump_csv
    val_list = [entry[var] for var in var_list]
  File "/opt/rocm-5.7.1/libexec/rocprofiler/tblextr.py", line 229, in <listcomp>
    val_list = [entry[var] for var in var_list]
KeyError: 'SQ_INSTS_FLAT'
Profiling data corrupted: ' /tmp/rpl_data_240527_184038_296489/input0_results_240527_184038/results.txt'
RPL: on '240527_184038' from '/opt/rocm-5.7.1' in '/work1/sadasivan/student04/composable_kernel/build'
RPL: profiling '""bin/example_tall_and_skinny_gemm_splitk_fp16 1 2 1 231""'
RPL: input file '/work1/sadasivan/student04/composable_kernel/build/workloads/my_profile_data19/mi100/perfmon/pmc_perf_1.txt'
RPL: output dir '/tmp/rpl_data_240527_184038_296701'
RPL: result dir '/tmp/rpl_data_240527_184038_296701/input0_results_240527_184038'
a_m_k: dim 2, lengths {16, 1024}, strides {1024, 1}
b_k_n: dim 2, lengths {1024, 16}, strides {16, 1}
c_m_n: dim 2, lengths {16, 16}, strides {16, 1}
terminate called after throwing an instance of 'std::runtime_error'
  what():  HIP runtime error: unspecified launch failure. /work1/sadasivan/student04/composable_kernel/include/ck/host_utility/hip_check_error.hpp: 15in function: hip_check_error
/opt/rocm-5.7.1/bin/rocprof: line 300: 296860 Aborted                 (core dumped) ""bin/example_tall_and_skinny_gemm_splitk_fp16 1 2 1 231""
File '/work1/sadasivan/student04/composable_kernel/build/workloads/my_profile_data19/mi100/pmc_perf_1.csv' is generating
RPL: on '240527_184039' from '/opt/rocm-5.7.1' in '/work1/sadasivan/student04/composable_kernel/build'
RPL: profiling '""bin/example_tall_and_skinny_gemm_splitk_fp16 1 2 1 231""'
RPL: input file '/work1/sadasivan/student04/composable_kernel/build/workloads/my_profile_data19/mi100/perfmon/pmc_perf_15.txt'
RPL: output dir '/tmp/rpl_data_240527_184039_296906'
RPL: result dir '/tmp/rpl_data_240527_184039_296906/input0_results_240527_184039'
a_m_k: dim 2, lengths {16, 1024}, strides {1024, 1}
b_k_n: dim 2, lengths {1024, 16}, strides {16, 1}
c_m_n: dim 2, lengths {16, 16}, strides {16, 1}
terminate called after throwing an instance of 'std::runtime_error'
  what():  HIP runtime error: unspecified launch failure. /work1/sadasivan/student04/composable_kernel/include/ck/host_utility/hip_check_error.hpp: 15in function: hip_check_error
/opt/rocm-5.7.1/bin/rocprof: line 300: 297065 Aborted                 (core dumped) ""bin/example_tall_and_skinny_gemm_splitk_fp16 1 2 1 231""
Traceback (most recent call last):
  File "/opt/rocm-5.7.1/libexec/rocprofiler/tblextr.py", line 828, in <module>
    dump_csv(csvfile)
  File "/opt/rocm-5.7.1/libexec/rocprofiler/tblextr.py", line 229, in dump_csv
    val_list = [entry[var] for var in var_list]
  File "/opt/rocm-5.7.1/libexec/rocprofiler/tblextr.py", line 229, in <listcomp>
    val_list = [entry[var] for var in var_list]
KeyError: 'TCC_HIT[0]'
Profiling data corrupted: ' /tmp/rpl_data_240527_184039_296906/input0_results_240527_184039/results.txt'
RPL: on '240527_184040' from '/opt/rocm-5.7.1' in '/work1/sadasivan/student04/composable_kernel/build'
RPL: profiling '""bin/example_tall_and_skinny_gemm_splitk_fp16 1 2 1 231""'
RPL: input file '/work1/sadasivan/student04/composable_kernel/build/workloads/my_profile_data19/mi100/perfmon/pmc_perf_13.txt'
RPL: output dir '/tmp/rpl_data_240527_184040_297114'
RPL: result dir '/tmp/rpl_data_240527_184040_297114/input0_results_240527_184040'
a_m_k: dim 2, lengths {16, 1024}, strides {1024, 1}
b_k_n: dim 2, lengths {1024, 16}, strides {16, 1}
c_m_n: dim 2, lengths {16, 16}, strides {16, 1}
terminate called after throwing an instance of 'std::runtime_error'
  what():  HIP runtime error: unspecified launch failure. /work1/sadasivan/student04/composable_kernel/include/ck/host_utility/hip_check_error.hpp: 15in function: hip_check_error
/opt/rocm-5.7.1/bin/rocprof: line 300: 297406 Aborted                 (core dumped) ""bin/example_tall_and_skinny_gemm_splitk_fp16 1 2 1 231""
Traceback (most recent call last):
  File "/opt/rocm-5.7.1/libexec/rocprofiler/tblextr.py", line 828, in <module>
    dump_csv(csvfile)
  File "/opt/rocm-5.7.1/libexec/rocprofiler/tblextr.py", line 229, in dump_csv
    val_list = [entry[var] for var in var_list]
  File "/opt/rocm-5.7.1/libexec/rocprofiler/tblextr.py", line 229, in <listcomp>
    val_list = [entry[var] for var in var_list]
KeyError: 'TCC_EA_RDREQ_IO_CREDIT_STALL[0]'
Profiling data corrupted: ' /tmp/rpl_data_240527_184040_297114/input0_results_240527_184040/results.txt'
RPL: on '240527_184040' from '/opt/rocm-5.7.1' in '/work1/sadasivan/student04/composable_kernel/build'
RPL: profiling '""bin/example_tall_and_skinny_gemm_splitk_fp16 1 2 1 231""'
RPL: input file '/work1/sadasivan/student04/composable_kernel/build/workloads/my_profile_data19/mi100/perfmon/pmc_perf_5.txt'
RPL: output dir '/tmp/rpl_data_240527_184040_297488'
RPL: result dir '/tmp/rpl_data_240527_184040_297488/input0_results_240527_184040'
a_m_k: dim 2, lengths {16, 1024}, strides {1024, 1}
b_k_n: dim 2, lengths {1024, 16}, strides {16, 1}
c_m_n: dim 2, lengths {16, 16}, strides {16, 1}
terminate called after throwing an instance of 'std::runtime_error'
  what():  HIP runtime error: unspecified launch failure. /work1/sadasivan/student04/composable_kernel/include/ck/host_utility/hip_check_error.hpp: 15in function: hip_check_error
/opt/rocm-5.7.1/bin/rocprof: line 300: 297650 Aborted                 (core dumped) ""bin/example_tall_and_skinny_gemm_splitk_fp16 1 2 1 231""
Traceback (most recent call last):
  File "/opt/rocm-5.7.1/libexec/rocprofiler/tblextr.py", line 828, in <module>
    dump_csv(csvfile)
  File "/opt/rocm-5.7.1/libexec/rocprofiler/tblextr.py", line 229, in dump_csv
    val_list = [entry[var] for var in var_list]
  File "/opt/rocm-5.7.1/libexec/rocprofiler/tblextr.py", line 229, in <listcomp>
    val_list = [entry[var] for var in var_list]
KeyError: 'SQ_WAIT_INST_ANY'
Profiling data corrupted: ' /tmp/rpl_data_240527_184040_297488/input0_results_240527_184040/results.txt'
RPL: on '240527_184041' from '/opt/rocm-5.7.1' in '/work1/sadasivan/student04/composable_kernel/build'
RPL: profiling '""bin/example_tall_and_skinny_gemm_splitk_fp16 1 2 1 231""'
RPL: input file '/work1/sadasivan/student04/composable_kernel/build/workloads/my_profile_data19/mi100/perfmon/pmc_perf_2.txt'
RPL: output dir '/tmp/rpl_data_240527_184041_297698'
RPL: result dir '/tmp/rpl_data_240527_184041_297698/input0_results_240527_184041'
a_m_k: dim 2, lengths {16, 1024}, strides {1024, 1}
b_k_n: dim 2, lengths {1024, 16}, strides {16, 1}
c_m_n: dim 2, lengths {16, 16}, strides {16, 1}
terminate called after throwing an instance of 'std::runtime_error'
  what():  HIP runtime error: unspecified launch failure. /work1/sadasivan/student04/composable_kernel/include/ck/host_utility/hip_check_error.hpp: 15in function: hip_check_error
/opt/rocm-5.7.1/bin/rocprof: line 300: 297857 Aborted                 (core dumped) ""bin/example_tall_and_skinny_gemm_splitk_fp16 1 2 1 231""
File '/work1/sadasivan/student04/composable_kernel/build/workloads/my_profile_data19/mi100/pmc_perf_2.csv' is generating
RPL: on '240527_184041' from '/opt/rocm-5.7.1' in '/work1/sadasivan/student04/composable_kernel/build'
RPL: profiling '""bin/example_tall_and_skinny_gemm_splitk_fp16 1 2 1 231""'
RPL: input file '/work1/sadasivan/student04/composable_kernel/build/workloads/my_profile_data19/mi100/perfmon/pmc_perf_12.txt'
RPL: output dir '/tmp/rpl_data_240527_184041_297903'
RPL: result dir '/tmp/rpl_data_240527_184041_297903/input0_results_240527_184041'
a_m_k: dim 2, lengths {16, 1024}, strides {1024, 1}
b_k_n: dim 2, lengths {1024, 16}, strides {16, 1}
c_m_n: dim 2, lengths {16, 16}, strides {16, 1}
terminate called after throwing an instance of 'std::runtime_error'
  what():  HIP runtime error: unspecified launch failure. /work1/sadasivan/student04/composable_kernel/include/ck/host_utility/hip_check_error.hpp: 15in function: hip_check_error
/opt/rocm-5.7.1/bin/rocprof: line 300: 298062 Aborted                 (core dumped) ""bin/example_tall_and_skinny_gemm_splitk_fp16 1 2 1 231""
Traceback (most recent call last):
  File "/opt/rocm-5.7.1/libexec/rocprofiler/tblextr.py", line 828, in <module>
    dump_csv(csvfile)
  File "/opt/rocm-5.7.1/libexec/rocprofiler/tblextr.py", line 229, in dump_csv
    val_list = [entry[var] for var in var_list]
  File "/opt/rocm-5.7.1/libexec/rocprofiler/tblextr.py", line 229, in <listcomp>
    val_list = [entry[var] for var in var_list]
KeyError: 'TCC_EA_RDREQ_DRAM_CREDIT_STALL[31]'
Profiling data corrupted: ' /tmp/rpl_data_240527_184041_297903/input0_results_240527_184041/results.txt'
RPL: on '240527_184042' from '/opt/rocm-5.7.1' in '/work1/sadasivan/student04/composable_kernel/build'
RPL: profiling '""bin/example_tall_and_skinny_gemm_splitk_fp16 1 2 1 231""'
RPL: input file '/work1/sadasivan/student04/composable_kernel/build/workloads/my_profile_data19/mi100/perfmon/SQ_INST_LEVEL_VMEM.txt'
RPL: output dir '/tmp/rpl_data_240527_184042_298112'
RPL: result dir '/tmp/rpl_data_240527_184042_298112/input0_results_240527_184042'
a_m_k: dim 2, lengths {16, 1024}, strides {1024, 1}
b_k_n: dim 2, lengths {1024, 16}, strides {16, 1}
c_m_n: dim 2, lengths {16, 16}, strides {16, 1}
terminate called after throwing an instance of 'std::runtime_error'
  what():  HIP runtime error: unspecified launch failure. /work1/sadasivan/student04/composable_kernel/include/ck/host_utility/hip_check_error.hpp: 15in function: hip_check_error
/opt/rocm-5.7.1/bin/rocprof: line 300: 298271 Aborted                 (core dumped) ""bin/example_tall_and_skinny_gemm_splitk_fp16 1 2 1 231""
Traceback (most recent call last):
  File "/opt/rocm-5.7.1/libexec/rocprofiler/tblextr.py", line 828, in <module>
    dump_csv(csvfile)
  File "/opt/rocm-5.7.1/libexec/rocprofiler/tblextr.py", line 229, in dump_csv
    val_list = [entry[var] for var in var_list]
  File "/opt/rocm-5.7.1/libexec/rocprofiler/tblextr.py", line 229, in <listcomp>
    val_list = [entry[var] for var in var_list]
KeyError: 'SQ_INSTS_VMEM'
Profiling data corrupted: ' /tmp/rpl_data_240527_184042_298112/input0_results_240527_184042/results.txt'
RPL: on '240527_184043' from '/opt/rocm-5.7.1' in '/work1/sadasivan/student04/composable_kernel/build'
RPL: profiling '""bin/example_tall_and_skinny_gemm_splitk_fp16 1 2 1 231""'
RPL: input file '/work1/sadasivan/student04/composable_kernel/build/workloads/my_profile_data19/mi100/perfmon/SQ_INST_LEVEL_LDS.txt'
RPL: output dir '/tmp/rpl_data_240527_184043_298335'
RPL: result dir '/tmp/rpl_data_240527_184043_298335/input0_results_240527_184043'
a_m_k: dim 2, lengths {16, 1024}, strides {1024, 1}
b_k_n: dim 2, lengths {1024, 16}, strides {16, 1}
c_m_n: dim 2, lengths {16, 16}, strides {16, 1}
terminate called after throwing an instance of 'std::runtime_error'
  what():  HIP runtime error: unspecified launch failure. /work1/sadasivan/student04/composable_kernel/include/ck/host_utility/hip_check_error.hpp: 15in function: hip_check_error
/opt/rocm-5.7.1/bin/rocprof: line 300: 298498 Aborted                 (core dumped) ""bin/example_tall_and_skinny_gemm_splitk_fp16 1 2 1 231""
Traceback (most recent call last):
  File "/opt/rocm-5.7.1/libexec/rocprofiler/tblextr.py", line 828, in <module>
    dump_csv(csvfile)
  File "/opt/rocm-5.7.1/libexec/rocprofiler/tblextr.py", line 229, in dump_csv
    val_list = [entry[var] for var in var_list]
  File "/opt/rocm-5.7.1/libexec/rocprofiler/tblextr.py", line 229, in <listcomp>
    val_list = [entry[var] for var in var_list]
KeyError: 'SQ_INSTS_LDS'
Profiling data corrupted: ' /tmp/rpl_data_240527_184043_298335/input0_results_240527_184043/results.txt'
RPL: on '240527_184043' from '/opt/rocm-5.7.1' in '/work1/sadasivan/student04/composable_kernel/build'
RPL: profiling '""bin/example_tall_and_skinny_gemm_splitk_fp16 1 2 1 231""'
RPL: input file '/work1/sadasivan/student04/composable_kernel/build/workloads/my_profile_data19/mi100/perfmon/pmc_perf_7.txt'
RPL: output dir '/tmp/rpl_data_240527_184043_298549'
RPL: result dir '/tmp/rpl_data_240527_184043_298549/input0_results_240527_184043'
a_m_k: dim 2, lengths {16, 1024}, strides {1024, 1}
b_k_n: dim 2, lengths {1024, 16}, strides {16, 1}
c_m_n: dim 2, lengths {16, 16}, strides {16, 1}
terminate called after throwing an instance of 'std::runtime_error'
  what():  HIP runtime error: unspecified launch failure. /work1/sadasivan/student04/composable_kernel/include/ck/host_utility/hip_check_error.hpp: 15in function: hip_check_error
/opt/rocm-5.7.1/bin/rocprof: line 300: 298708 Aborted                 (core dumped) ""bin/example_tall_and_skinny_gemm_splitk_fp16 1 2 1 231""
Traceback (most recent call last):
  File "/opt/rocm-5.7.1/libexec/rocprofiler/tblextr.py", line 828, in <module>
    dump_csv(csvfile)
  File "/opt/rocm-5.7.1/libexec/rocprofiler/tblextr.py", line 229, in dump_csv
    val_list = [entry[var] for var in var_list]
  File "/opt/rocm-5.7.1/libexec/rocprofiler/tblextr.py", line 229, in <listcomp>
    val_list = [entry[var] for var in var_list]
KeyError: 'SQ_LDS_BANK_CONFLICT'
Profiling data corrupted: ' /tmp/rpl_data_240527_184043_298549/input0_results_240527_184043/results.txt'
RPL: on '240527_184044' from '/opt/rocm-5.7.1' in '/work1/sadasivan/student04/composable_kernel/build'
RPL: profiling '""bin/example_tall_and_skinny_gemm_splitk_fp16 1 2 1 231""'
RPL: input file '/work1/sadasivan/student04/composable_kernel/build/workloads/my_profile_data19/mi100/perfmon/SQ_LEVEL_WAVES.txt'
RPL: output dir '/tmp/rpl_data_240527_184044_298748'
RPL: result dir '/tmp/rpl_data_240527_184044_298748/input0_results_240527_184044'
a_m_k: dim 2, lengths {16, 1024}, strides {1024, 1}
b_k_n: dim 2, lengths {1024, 16}, strides {16, 1}
c_m_n: dim 2, lengths {16, 16}, strides {16, 1}
terminate called after throwing an instance of 'std::runtime_error'
  what():  HIP runtime error: unspecified launch failure. /work1/sadasivan/student04/composable_kernel/include/ck/host_utility/hip_check_error.hpp: 15in function: hip_check_error
/opt/rocm-5.7.1/bin/rocprof: line 300: 298907 Aborted                 (core dumped) ""bin/example_tall_and_skinny_gemm_splitk_fp16 1 2 1 231""
Traceback (most recent call last):
  File "/opt/rocm-5.7.1/libexec/rocprofiler/tblextr.py", line 828, in <module>
    dump_csv(csvfile)
  File "/opt/rocm-5.7.1/libexec/rocprofiler/tblextr.py", line 229, in dump_csv
    val_list = [entry[var] for var in var_list]
  File "/opt/rocm-5.7.1/libexec/rocprofiler/tblextr.py", line 229, in <listcomp>
    val_list = [entry[var] for var in var_list]
KeyError: 'GRBM_COUNT'
Profiling data corrupted: ' /tmp/rpl_data_240527_184044_298748/input0_results_240527_184044/results.txt'
RPL: on '240527_184044' from '/opt/rocm-5.7.1' in '/work1/sadasivan/student04/composable_kernel/build'
RPL: profiling '""bin/example_tall_and_skinny_gemm_splitk_fp16 1 2 1 231""'
RPL: input file '/work1/sadasivan/student04/composable_kernel/build/workloads/my_profile_data19/mi100/perfmon/pmc_perf_16.txt'
RPL: output dir '/tmp/rpl_data_240527_184044_298954'
RPL: result dir '/tmp/rpl_data_240527_184044_298954/input0_results_240527_184044'
a_m_k: dim 2, lengths {16, 1024}, strides {1024, 1}
b_k_n: dim 2, lengths {1024, 16}, strides {16, 1}
c_m_n: dim 2, lengths {16, 16}, strides {16, 1}
terminate called after throwing an instance of 'std::runtime_error'
  what():  HIP runtime error: unspecified launch failure. /work1/sadasivan/student04/composable_kernel/include/ck/host_utility/hip_check_error.hpp: 15in function: hip_check_error
/opt/rocm-5.7.1/bin/rocprof: line 300: 299113 Aborted                 (core dumped) ""bin/example_tall_and_skinny_gemm_splitk_fp16 1 2 1 231""
Traceback (most recent call last):
  File "/opt/rocm-5.7.1/libexec/rocprofiler/tblextr.py", line 828, in <module>
    dump_csv(csvfile)
  File "/opt/rocm-5.7.1/libexec/rocprofiler/tblextr.py", line 229, in dump_csv
    val_list = [entry[var] for var in var_list]
  File "/opt/rocm-5.7.1/libexec/rocprofiler/tblextr.py", line 229, in <listcomp>
    val_list = [entry[var] for var in var_list]
KeyError: 'TCC_RW_REQ[0]'
Profiling data corrupted: ' /tmp/rpl_data_240527_184044_298954/input0_results_240527_184044/results.txt'
RPL: on '240527_184045' from '/opt/rocm-5.7.1' in '/work1/sadasivan/student04/composable_kernel/build'
RPL: profiling '""bin/example_tall_and_skinny_gemm_splitk_fp16 1 2 1 231""'
RPL: input file '/work1/sadasivan/student04/composable_kernel/build/workloads/my_profile_data19/mi100/perfmon/pmc_perf_10.txt'
RPL: output dir '/tmp/rpl_data_240527_184045_299164'
RPL: result dir '/tmp/rpl_data_240527_184045_299164/input0_results_240527_184045'
a_m_k: dim 2, lengths {16, 1024}, strides {1024, 1}
b_k_n: dim 2, lengths {1024, 16}, strides {16, 1}
c_m_n: dim 2, lengths {16, 16}, strides {16, 1}
terminate called after throwing an instance of 'std::runtime_error'
  what():  HIP runtime error: unspecified launch failure. /work1/sadasivan/student04/composable_kernel/include/ck/host_utility/hip_check_error.hpp: 15in function: hip_check_error
/opt/rocm-5.7.1/bin/rocprof: line 300: 299323 Aborted                 (core dumped) ""bin/example_tall_and_skinny_gemm_splitk_fp16 1 2 1 231""
Traceback (most recent call last):
  File "/opt/rocm-5.7.1/libexec/rocprofiler/tblextr.py", line 828, in <module>
    dump_csv(csvfile)
  File "/opt/rocm-5.7.1/libexec/rocprofiler/tblextr.py", line 229, in dump_csv
    val_list = [entry[var] for var in var_list]
  File "/opt/rocm-5.7.1/libexec/rocprofiler/tblextr.py", line 229, in <listcomp>
    val_list = [entry[var] for var in var_list]
KeyError: 'TCC_EA_ATOMIC_LEVEL_sum'
Profiling data corrupted: ' /tmp/rpl_data_240527_184045_299164/input0_results_240527_184045/results.txt'
RPL: on '240527_184045' from '/opt/rocm-5.7.1' in '/work1/sadasivan/student04/composable_kernel/build'
RPL: profiling '""bin/example_tall_and_skinny_gemm_splitk_fp16 1 2 1 231""'
RPL: input file '/work1/sadasivan/student04/composable_kernel/build/workloads/my_profile_data19/mi100/perfmon/pmc_perf_8.txt'
RPL: output dir '/tmp/rpl_data_240527_184045_299353'
RPL: result dir '/tmp/rpl_data_240527_184045_299353/input0_results_240527_184045'
a_m_k: dim 2, lengths {16, 1024}, strides {1024, 1}
b_k_n: dim 2, lengths {1024, 16}, strides {16, 1}
c_m_n: dim 2, lengths {16, 16}, strides {16, 1}
terminate called after throwing an instance of 'std::runtime_error'
  what():  HIP runtime error: unspecified launch failure. /work1/sadasivan/student04/composable_kernel/include/ck/host_utility/hip_check_error.hpp: 15in function: hip_check_error
/opt/rocm-5.7.1/bin/rocprof: line 300: 299512 Aborted                 (core dumped) ""bin/example_tall_and_skinny_gemm_splitk_fp16 1 2 1 231""
Traceback (most recent call last):
  File "/opt/rocm-5.7.1/libexec/rocprofiler/tblextr.py", line 828, in <module>
    dump_csv(csvfile)
  File "/opt/rocm-5.7.1/libexec/rocprofiler/tblextr.py", line 229, in dump_csv
    val_list = [entry[var] for var in var_list]
  File "/opt/rocm-5.7.1/libexec/rocprofiler/tblextr.py", line 229, in <listcomp>
    val_list = [entry[var] for var in var_list]
KeyError: 'SQ_ITEMS'
Profiling data corrupted: ' /tmp/rpl_data_240527_184045_299353/input0_results_240527_184045/results.txt'
RPL: on '240527_184046' from '/opt/rocm-5.7.1' in '/work1/sadasivan/student04/composable_kernel/build'
RPL: profiling '""bin/example_tall_and_skinny_gemm_splitk_fp16 1 2 1 231""'
RPL: input file '/work1/sadasivan/student04/composable_kernel/build/workloads/my_profile_data19/mi100/perfmon/timestamps.txt'
RPL: output dir '/tmp/rpl_data_240527_184046_299546'
RPL: result dir '/tmp/rpl_data_240527_184046_299546/input0_results_240527_184046'
a_m_k: dim 2, lengths {16, 1024}, strides {1024, 1}
b_k_n: dim 2, lengths {1024, 16}, strides {16, 1}
c_m_n: dim 2, lengths {16, 16}, strides {16, 1}
terminate called after throwing an instance of 'std::runtime_error'
  what():  HIP runtime error: unspecified launch failure. /work1/sadasivan/student04/composable_kernel/include/ck/host_utility/hip_check_error.hpp: 15in function: hip_check_error
/opt/rocm-5.7.1/bin/rocprof: line 300: 299705 Aborted                 (core dumped) ""bin/example_tall_and_skinny_gemm_splitk_fp16 1 2 1 231""
File '/work1/sadasivan/student04/composable_kernel/build/workloads/my_profile_data19/mi100/timestamps.csv' is generating
RPL: on '240527_184046' from '/opt/rocm-5.7.1' in '/work1/sadasivan/student04/composable_kernel/build'
RPL: profiling '""bin/example_tall_and_skinny_gemm_splitk_fp16 1 2 1 231""'
RPL: input file '/work1/sadasivan/student04/composable_kernel/build/workloads/my_profile_data19/mi100/perfmon/pmc_perf_9.txt'
RPL: output dir '/tmp/rpl_data_240527_184046_299736'
RPL: result dir '/tmp/rpl_data_240527_184046_299736/input0_results_240527_184046'
a_m_k: dim 2, lengths {16, 1024}, strides {1024, 1}
b_k_n: dim 2, lengths {1024, 16}, strides {16, 1}
c_m_n: dim 2, lengths {16, 16}, strides {16, 1}
terminate called after throwing an instance of 'std::runtime_error'
  what():  HIP runtime error: unspecified launch failure. /work1/sadasivan/student04/composable_kernel/include/ck/host_utility/hip_check_error.hpp: 15in function: hip_check_error
/opt/rocm-5.7.1/bin/rocprof: line 300: 299895 Aborted                 (core dumped) ""bin/example_tall_and_skinny_gemm_splitk_fp16 1 2 1 231""
Traceback (most recent call last):
  File "/opt/rocm-5.7.1/libexec/rocprofiler/tblextr.py", line 828, in <module>
    dump_csv(csvfile)
  File "/opt/rocm-5.7.1/libexec/rocprofiler/tblextr.py", line 229, in dump_csv
    val_list = [entry[var] for var in var_list]
  File "/opt/rocm-5.7.1/libexec/rocprofiler/tblextr.py", line 229, in <listcomp>
    val_list = [entry[var] for var in var_list]
KeyError: 'TCP_TCC_RW_READ_REQ_sum'
Profiling data corrupted: ' /tmp/rpl_data_240527_184046_299736/input0_results_240527_184046/results.txt'
RPL: on '240527_184047' from '/opt/rocm-5.7.1' in '/work1/sadasivan/student04/composable_kernel/build'
RPL: profiling '""bin/example_tall_and_skinny_gemm_splitk_fp16 1 2 1 231""'
RPL: input file '/work1/sadasivan/student04/composable_kernel/build/workloads/my_profile_data19/mi100/perfmon/pmc_perf_3.txt'
RPL: output dir '/tmp/rpl_data_240527_184047_299944'
RPL: result dir '/tmp/rpl_data_240527_184047_299944/input0_results_240527_184047'
a_m_k: dim 2, lengths {16, 1024}, strides {1024, 1}
b_k_n: dim 2, lengths {1024, 16}, strides {16, 1}
c_m_n: dim 2, lengths {16, 16}, strides {16, 1}
terminate called after throwing an instance of 'std::runtime_error'
  what():  HIP runtime error: unspecified launch failure. /work1/sadasivan/student04/composable_kernel/include/ck/host_utility/hip_check_error.hpp: 15in function: hip_check_error
/opt/rocm-5.7.1/bin/rocprof: line 300: 300103 Aborted                 (core dumped) ""bin/example_tall_and_skinny_gemm_splitk_fp16 1 2 1 231""
Traceback (most recent call last):
  File "/opt/rocm-5.7.1/libexec/rocprofiler/tblextr.py", line 828, in <module>
    dump_csv(csvfile)
  File "/opt/rocm-5.7.1/libexec/rocprofiler/tblextr.py", line 229, in dump_csv
    val_list = [entry[var] for var in var_list]
  File "/opt/rocm-5.7.1/libexec/rocprofiler/tblextr.py", line 229, in <listcomp>
    val_list = [entry[var] for var in var_list]
KeyError: 'SQC_DCACHE_REQ_READ_2'
Profiling data corrupted: ' /tmp/rpl_data_240527_184047_299944/input0_results_240527_184047/results.txt'
RPL: on '240527_184047' from '/opt/rocm-5.7.1' in '/work1/sadasivan/student04/composable_kernel/build'
RPL: profiling '""bin/example_tall_and_skinny_gemm_splitk_fp16 1 2 1 231""'
RPL: input file '/work1/sadasivan/student04/composable_kernel/build/workloads/my_profile_data19/mi100/perfmon/SQ_IFETCH_LEVEL.txt'
RPL: output dir '/tmp/rpl_data_240527_184047_300164'
RPL: result dir '/tmp/rpl_data_240527_184047_300164/input0_results_240527_184047'
a_m_k: dim 2, lengths {16, 1024}, strides {1024, 1}
b_k_n: dim 2, lengths {1024, 16}, strides {16, 1}
c_m_n: dim 2, lengths {16, 16}, strides {16, 1}
terminate called after throwing an instance of 'std::runtime_error'
  what():  HIP runtime error: unspecified launch failure. /work1/sadasivan/student04/composable_kernel/include/ck/host_utility/hip_check_error.hpp: 15in function: hip_check_error
/opt/rocm-5.7.1/bin/rocprof: line 300: 300323 Aborted                 (core dumped) ""bin/example_tall_and_skinny_gemm_splitk_fp16 1 2 1 231""
Traceback (most recent call last):
  File "/opt/rocm-5.7.1/libexec/rocprofiler/tblextr.py", line 828, in <module>
    dump_csv(csvfile)
  File "/opt/rocm-5.7.1/libexec/rocprofiler/tblextr.py", line 229, in dump_csv
    val_list = [entry[var] for var in var_list]
  File "/opt/rocm-5.7.1/libexec/rocprofiler/tblextr.py", line 229, in <listcomp>
    val_list = [entry[var] for var in var_list]
KeyError: 'GRBM_COUNT'
Profiling data corrupted: ' /tmp/rpl_data_240527_184047_300164/input0_results_240527_184047/results.txt'
RPL: on '240527_184048' from '/opt/rocm-5.7.1' in '/work1/sadasivan/student04/composable_kernel/build'
RPL: profiling '""bin/example_tall_and_skinny_gemm_splitk_fp16 1 2 1 231""'
RPL: input file '/work1/sadasivan/student04/composable_kernel/build/workloads/my_profile_data19/mi100/perfmon/pmc_perf_6.txt'
RPL: output dir '/tmp/rpl_data_240527_184048_300376'
RPL: result dir '/tmp/rpl_data_240527_184048_300376/input0_results_240527_184048'
a_m_k: dim 2, lengths {16, 1024}, strides {1024, 1}
b_k_n: dim 2, lengths {1024, 16}, strides {16, 1}
c_m_n: dim 2, lengths {16, 16}, strides {16, 1}
terminate called after throwing an instance of 'std::runtime_error'
  what():  HIP runtime error: unspecified launch failure. /work1/sadasivan/student04/composable_kernel/include/ck/host_utility/hip_check_error.hpp: 15in function: hip_check_error
/opt/rocm-5.7.1/bin/rocprof: line 300: 300538 Aborted                 (core dumped) ""bin/example_tall_and_skinny_gemm_splitk_fp16 1 2 1 231""
Traceback (most recent call last):
  File "/opt/rocm-5.7.1/libexec/rocprofiler/tblextr.py", line 828, in <module>
    dump_csv(csvfile)
  File "/opt/rocm-5.7.1/libexec/rocprofiler/tblextr.py", line 229, in dump_csv
    val_list = [entry[var] for var in var_list]
  File "/opt/rocm-5.7.1/libexec/rocprofiler/tblextr.py", line 229, in <listcomp>
    val_list = [entry[var] for var in var_list]
KeyError: 'SQ_ACTIVE_INST_MISC'
Profiling data corrupted: ' /tmp/rpl_data_240527_184048_300376/input0_results_240527_184048/results.txt'
Successfully joined gpu in pmc_perf.csv
Successfully joined grd in pmc_perf.csv
Successfully joined wgr in pmc_perf.csv
Successfully joined lds in pmc_perf.csv
Successfully joined scr in pmc_perf.csv
Successfully joined spgr in pmc_perf.csv
Successfully joined arch_vgpr in pmc_perf.csv
Successfully joined accum_vgpr in pmc_perf.csv
